#
# There is insufficient memory for the Java Runtime Environment to continue.
# Native memory allocation (malloc) failed to allocate 186496 bytes for Chunk::new
# Possible reasons:
#   The system is out of physical RAM or swap space
#   The process is running with CompressedOops enabled, and the Java Heap may be blocking the growth of the native heap
# Possible solutions:
#   Reduce memory load on the system
#   Increase physical memory or swap space
#   Check if swap backing store is full
#   Decrease Java heap size (-Xmx/-Xms)
#   Decrease number of Java threads
#   Decrease Java thread stack sizes (-Xss)
#   Set larger code cache with -XX:ReservedCodeCacheSize=
#   JVM is running with Unscaled Compressed Oops mode in which the Java heap is
#     placed in the first 4GB address space. The Java Heap base address is the
#     maximum limit for the native heap growth. Please use -XX:HeapBaseMinAddress
#     to set the Java Heap base and to place the Java Heap above 4GB virtual address.
# This output file may be truncated or incomplete.
#
#  Out of Memory Error (allocation.cpp:389), pid=14524, tid=0x00000000000038a0
#
# JRE version: Java(TM) SE Runtime Environment (8.0_231-b11) (build 1.8.0_231-b11)
# Java VM: Java HotSpot(TM) 64-Bit Server VM (25.231-b11 mixed mode windows-amd64 compressed oops)
# Failed to write core dump. Minidumps are not enabled by default on client versions of Windows
#

---------------  T H R E A D  ---------------

Current thread (0x0000000013030000):  JavaThread "C2 CompilerThread0" daemon [_thread_in_native, id=14496, stack(0x00000000146a0000,0x00000000147a0000)]

Stack: [0x00000000146a0000,0x00000000147a0000]
[error occurred during error reporting (printing stack bounds), id 0xc0000005]

Native frames: (J=compiled Java code, j=interpreted, Vv=VM code, C=native code)


Current CompileTask:
C2:   1805  645   !   4       sun.misc.URLClassPath$JarLoader::getResource (85 bytes)


---------------  P R O C E S S  ---------------

Java Threads: ( => current thread )
  0x00000000149d2800 JavaThread "Service Thread" daemon [_thread_blocked, id=11256, stack(0x0000000014da0000,0x0000000014ea0000)]
  0x0000000013045000 JavaThread "C1 CompilerThread2" daemon [_thread_blocked, id=14468, stack(0x00000000148a0000,0x00000000149a0000)]
  0x0000000013034000 JavaThread "C2 CompilerThread1" daemon [_thread_blocked, id=12568, stack(0x00000000147a0000,0x00000000148a0000)]
=>0x0000000013030000 JavaThread "C2 CompilerThread0" daemon [_thread_in_native, id=14496, stack(0x00000000146a0000,0x00000000147a0000)]
  0x000000001302e800 JavaThread "Attach Listener" daemon [_thread_blocked, id=14492, stack(0x00000000145a0000,0x00000000146a0000)]
  0x000000001302d800 JavaThread "Signal Dispatcher" daemon [_thread_blocked, id=15320, stack(0x00000000144a0000,0x00000000145a0000)]
  0x0000000002ccd000 JavaThread "Finalizer" daemon [_thread_blocked, id=14544, stack(0x00000000142a0000,0x00000000143a0000)]
  0x0000000002cc4800 JavaThread "Reference Handler" daemon [_thread_blocked, id=15256, stack(0x00000000141a0000,0x00000000142a0000)]
  0x0000000002ace800 JavaThread "main" [_thread_in_Java, id=15300, stack(0x0000000002ad0000,0x0000000002bd0000)]

Other Threads:
  0x0000000012ff8000 VMThread [stack: 0x00000000140a0000,0x00000000141a0000] [id=14396]
  0x00000000149d4000 WatcherThread [stack: 0x0000000014ea0000,0x0000000014fa0000] [id=14548]

VM state:not at safepoint (normal execution)

VM Mutex/Monitor currently owned by a thread: None

heap address: 0x00000000fc000000, size: 64 MB, Compressed Oops mode: 32-bit
Narrow klass base: 0x0000000000000000, Narrow klass shift: 3
Compressed class space size: 1073741824 Address: 0x0000000100000000

Heap:
 PSYoungGen      total 18944K, used 7954K [0x00000000feb00000, 0x0000000100000000, 0x0000000100000000)
  eden space 16384K, 32% used [0x00000000feb00000,0x00000000ff046738,0x00000000ffb00000)
  from space 2560K, 99% used [0x00000000ffb00000,0x00000000ffd7e480,0x00000000ffd80000)
  to   space 2560K, 0% used [0x00000000ffd80000,0x00000000ffd80000,0x0000000100000000)
 ParOldGen       total 44032K, used 67K [0x00000000fc000000, 0x00000000feb00000, 0x00000000feb00000)
  object space 44032K, 0% used [0x00000000fc000000,0x00000000fc010e30,0x00000000feb00000)
 Metaspace       used 7288K, capacity 7520K, committed 7808K, reserved 1056768K
  class space    used 928K, capacity 1038K, committed 1152K, reserved 1048576K

Card table byte_map: [0x0000000000b60000,0x0000000000b90000] byte_map_base: 0x0000000000380000

Marking Bits: (ParMarkBitMap*) 0x0000000069596d90
 Begin Bits: [0x0000000012490000, 0x0000000012590000)
 End Bits:   [0x0000000012590000, 0x0000000012690000)

Polling page: 0x0000000000b30000

CodeCache: size=245760Kb used=2800Kb max_used=2812Kb free=242959Kb
 bounds [0x0000000002cd0000, 0x0000000002fa0000, 0x0000000011cd0000]
 total_blobs=992 nmethods=680 adapters=225
 compilation: enabled

Compilation events (10 events):
Event: 1.725 Thread 0x0000000013045000 nmethod 667 0x0000000002f81b10 code [0x0000000002f81cc0, 0x0000000002f82638]
Event: 1.725 Thread 0x0000000013045000  668       3       java.security.CodeSource::matchCerts (254 bytes)
Event: 1.726 Thread 0x0000000013045000 nmethod 668 0x0000000002f82810 code [0x0000000002f82a20, 0x0000000002f83598]
Event: 1.727 Thread 0x0000000013045000  669       1       java.lang.invoke.MethodTypeForm::basicType (5 bytes)
Event: 1.727 Thread 0x0000000013045000 nmethod 669 0x0000000002f79a90 code [0x0000000002f79be0, 0x0000000002f79cf0]
Event: 1.732 Thread 0x0000000013034000 nmethod 662 0x0000000002f86cd0 code [0x0000000002f86e80, 0x0000000002f87450]
Event: 1.732 Thread 0x0000000013034000  671       4       sun.misc.MetaIndex::mayContain (51 bytes)
Event: 1.736 Thread 0x0000000013045000  673   !   3       java.net.URLClassLoader::definePackageInternal (81 bytes)
Event: 1.738 Thread 0x0000000013045000 nmethod 673 0x0000000002f859d0 code [0x0000000002f85c00, 0x0000000002f867b8]
Event: 1.738 Thread 0x0000000013045000  674       3       java.security.CodeSource::<init> (40 bytes)

GC Heap History (2 events):
Event: 1.549 GC heap before
{Heap before GC invocations=1 (full 0):
 PSYoungGen      total 18944K, used 16384K [0x00000000feb00000, 0x0000000100000000, 0x0000000100000000)
  eden space 16384K, 100% used [0x00000000feb00000,0x00000000ffb00000,0x00000000ffb00000)
  from space 2560K, 0% used [0x00000000ffd80000,0x00000000ffd80000,0x0000000100000000)
  to   space 2560K, 0% used [0x00000000ffb00000,0x00000000ffb00000,0x00000000ffd80000)
 ParOldGen       total 44032K, used 0K [0x00000000fc000000, 0x00000000feb00000, 0x00000000feb00000)
  object space 44032K, 0% used [0x00000000fc000000,0x00000000fc000000,0x00000000feb00000)
 Metaspace       used 6492K, capacity 6814K, committed 7168K, reserved 1056768K
  class space    used 795K, capacity 909K, committed 1024K, reserved 1048576K
Event: 1.558 GC heap after
Heap after GC invocations=1 (full 0):
 PSYoungGen      total 18944K, used 2553K [0x00000000feb00000, 0x0000000100000000, 0x0000000100000000)
  eden space 16384K, 0% used [0x00000000feb00000,0x00000000feb00000,0x00000000ffb00000)
  from space 2560K, 99% used [0x00000000ffb00000,0x00000000ffd7e480,0x00000000ffd80000)
  to   space 2560K, 0% used [0x00000000ffd80000,0x00000000ffd80000,0x0000000100000000)
 ParOldGen       total 44032K, used 67K [0x00000000fc000000, 0x00000000feb00000, 0x00000000feb00000)
  object space 44032K, 0% used [0x00000000fc000000,0x00000000fc010e30,0x00000000feb00000)
 Metaspace       used 6492K, capacity 6814K, committed 7168K, reserved 1056768K
  class space    used 795K, capacity 909K, committed 1024K, reserved 1048576K
}

Deoptimization events (7 events):
Event: 1.086 Thread 0x0000000002ace800 Uncommon trap: reason=unstable_if action=reinterpret pc=0x0000000002e94978 method=java.lang.String.startsWith(Ljava/lang/String;I)Z @ 25
Event: 1.097 Thread 0x0000000002ace800 Uncommon trap: reason=unstable_if action=reinterpret pc=0x0000000002e17c90 method=java.util.regex.Pattern.has(I)Z @ 6
Event: 1.637 Thread 0x0000000002ace800 Uncommon trap: reason=unstable_if action=reinterpret pc=0x0000000002eb4380 method=java.util.regex.Matcher.reset()Ljava/util/regex/Matcher; @ 47
Event: 1.638 Thread 0x0000000002ace800 Uncommon trap: reason=class_check action=maybe_recompile pc=0x0000000002ec500c method=java.util.regex.Matcher.match(II)Z @ 86
Event: 1.638 Thread 0x0000000002ace800 Uncommon trap: reason=class_check action=maybe_recompile pc=0x0000000002ec500c method=java.util.regex.Matcher.match(II)Z @ 86
Event: 1.639 Thread 0x0000000002ace800 Uncommon trap: reason=class_check action=maybe_recompile pc=0x0000000002ec500c method=java.util.regex.Matcher.match(II)Z @ 86
Event: 1.639 Thread 0x0000000002ace800 Uncommon trap: reason=class_check action=maybe_recompile pc=0x0000000002ec500c method=java.util.regex.Matcher.match(II)Z @ 86

Classes redefined (0 events):
No events

Internal exceptions (10 events):
Event: 1.012 Thread 0x0000000002ace800 Exception <a 'java/security/PrivilegedActionException'> (0x00000000ff4a0fc8) thrown at [C:\re\workspace\8-2-build-windows-amd64-cygwin\jdk8u231\13620\hotspot\src\share\vm\prims\jvm.cpp, line 1502]
Event: 1.012 Thread 0x0000000002ace800 Exception <a 'java/security/PrivilegedActionException'> (0x00000000ff4a11d8) thrown at [C:\re\workspace\8-2-build-windows-amd64-cygwin\jdk8u231\13620\hotspot\src\share\vm\prims\jvm.cpp, line 1502]
Event: 1.013 Thread 0x0000000002ace800 Exception <a 'java/security/PrivilegedActionException'> (0x00000000ff4a50e8) thrown at [C:\re\workspace\8-2-build-windows-amd64-cygwin\jdk8u231\13620\hotspot\src\share\vm\prims\jvm.cpp, line 1502]
Event: 1.013 Thread 0x0000000002ace800 Exception <a 'java/security/PrivilegedActionException'> (0x00000000ff4a52f8) thrown at [C:\re\workspace\8-2-build-windows-amd64-cygwin\jdk8u231\13620\hotspot\src\share\vm\prims\jvm.cpp, line 1502]
Event: 1.392 Thread 0x0000000002ace800 Exception <a 'java/lang/ArrayIndexOutOfBoundsException': 100> (0x00000000ff8f95d0) thrown at [C:\re\workspace\8-2-build-windows-amd64-cygwin\jdk8u231\13620\hotspot\src\share\vm\interpreter\interpreterRuntime.cpp, line 368]
Event: 1.393 Thread 0x0000000002ace800 Exception <a 'java/lang/ArrayIndexOutOfBoundsException': 18> (0x00000000ff8fa4b8) thrown at [C:\re\workspace\8-2-build-windows-amd64-cygwin\jdk8u231\13620\hotspot\src\share\vm\interpreter\interpreterRuntime.cpp, line 368]
Event: 1.394 Thread 0x0000000002ace800 Exception <a 'java/lang/ArrayIndexOutOfBoundsException': 40> (0x00000000ff8fb0e8) thrown at [C:\re\workspace\8-2-build-windows-amd64-cygwin\jdk8u231\13620\hotspot\src\share\vm\interpreter\interpreterRuntime.cpp, line 368]
Event: 1.656 Thread 0x0000000002ace800 Exception <a 'java/lang/ArrayIndexOutOfBoundsException'> (0x00000000fed8d7d8) thrown at [C:\re\workspace\8-2-build-windows-amd64-cygwin\jdk8u231\13620\hotspot\src\share\vm\runtime\sharedRuntime.cpp, line 605]
Event: 1.656 Thread 0x0000000002ace800 Exception <a 'java/lang/ArrayIndexOutOfBoundsException'> (0x00000000fed8e930) thrown at [C:\re\workspace\8-2-build-windows-amd64-cygwin\jdk8u231\13620\hotspot\src\share\vm\runtime\sharedRuntime.cpp, line 605]
Event: 1.691 Thread 0x0000000002ace800 Exception <a 'java/lang/NoClassDefFoundError': org/slf4j/impl/StaticMarkerBinder> (0x00000000fee15a20) thrown at [C:\re\workspace\8-2-build-windows-amd64-cygwin\jdk8u231\13620\hotspot\src\share\vm\classfile\systemDictionary.cpp, line 199]

Events (10 events):
Event: 1.731 loading class org/gradle/internal/nativeintegration/jansi/JansiLibraryFactory
Event: 1.731 loading class org/gradle/internal/nativeintegration/jansi/JansiLibraryFactory done
Event: 1.733 loading class org/gradle/internal/nativeintegration/jansi/JansiRuntimeResolver
Event: 1.733 loading class org/gradle/internal/nativeintegration/jansi/JansiRuntimeResolver done
Event: 1.734 loading class org/gradle/internal/nativeintegration/jansi/DefaultJansiRuntimeResolver
Event: 1.734 loading class org/gradle/internal/nativeintegration/jansi/DefaultJansiRuntimeResolver done
Event: 1.736 loading class net/rubygrapefruit/platform/Native
Event: 1.736 loading class net/rubygrapefruit/platform/Native done
Event: 1.737 loading class net/rubygrapefruit/platform/internal/Platform
Event: 1.737 loading class net/rubygrapefruit/platform/internal/Platform done


Dynamic libraries:
0x00007ff6284b0000 - 0x00007ff6284e7000 	C:\Program Files\Java\jdk1.8.0_231\bin\java.exe
0x00007ff8a9e30000 - 0x00007ff8aa025000 	C:\WINDOWS\SYSTEM32\ntdll.dll
0x00007ff8a88d0000 - 0x00007ff8a898d000 	C:\WINDOWS\System32\KERNEL32.DLL
0x00007ff8a7620000 - 0x00007ff8a78e8000 	C:\WINDOWS\System32\KERNELBASE.dll
0x00007ff8a8990000 - 0x00007ff8a8a3c000 	C:\WINDOWS\System32\ADVAPI32.dll
0x00007ff8a8830000 - 0x00007ff8a88ce000 	C:\WINDOWS\System32\msvcrt.dll
0x00007ff8a9ce0000 - 0x00007ff8a9d7b000 	C:\WINDOWS\System32\sechost.dll
0x00007ff8a7fa0000 - 0x00007ff8a80cb000 	C:\WINDOWS\System32\RPCRT4.dll
0x00007ff8a9560000 - 0x00007ff8a9700000 	C:\WINDOWS\System32\USER32.dll
0x00007ff8a7cb0000 - 0x00007ff8a7cd2000 	C:\WINDOWS\System32\win32u.dll
0x00007ff8a9b30000 - 0x00007ff8a9b5a000 	C:\WINDOWS\System32\GDI32.dll
0x00007ff8a7a50000 - 0x00007ff8a7b5b000 	C:\WINDOWS\System32\gdi32full.dll
0x00007ff8a7c10000 - 0x00007ff8a7cad000 	C:\WINDOWS\System32\msvcp_win.dll
0x00007ff8a7d90000 - 0x00007ff8a7e90000 	C:\WINDOWS\System32\ucrtbase.dll
0x00007ff8974b0000 - 0x00007ff89774a000 	C:\WINDOWS\WinSxS\amd64_microsoft.windows.common-controls_6595b64144ccf1df_6.0.19041.844_none_ca00b6081b84eb1d\COMCTL32.dll
0x00007ff8a8f30000 - 0x00007ff8a8f60000 	C:\WINDOWS\System32\IMM32.DLL
0x0000000069620000 - 0x00000000696f2000 	C:\Program Files\Java\jdk1.8.0_231\jre\bin\msvcr100.dll
0x0000000068d70000 - 0x0000000069616000 	C:\Program Files\Java\jdk1.8.0_231\jre\bin\server\jvm.dll
0x00007ff8a7f90000 - 0x00007ff8a7f98000 	C:\WINDOWS\System32\PSAPI.DLL
0x00007ff893df0000 - 0x00007ff893e17000 	C:\WINDOWS\SYSTEM32\WINMM.dll
0x00007ff896400000 - 0x00007ff89640a000 	C:\WINDOWS\SYSTEM32\VERSION.dll
0x00007ff88e330000 - 0x00007ff88e339000 	C:\WINDOWS\SYSTEM32\WSOCK32.dll
0x00007ff8a9d80000 - 0x00007ff8a9deb000 	C:\WINDOWS\System32\WS2_32.dll
0x00007ff895930000 - 0x00007ff89593f000 	C:\Program Files\Java\jdk1.8.0_231\jre\bin\verify.dll
0x00007ff88b840000 - 0x00007ff88b869000 	C:\Program Files\Java\jdk1.8.0_231\jre\bin\java.dll
0x00007ff88ec00000 - 0x00007ff88ec16000 	C:\Program Files\Java\jdk1.8.0_231\jre\bin\zip.dll
0x00007ff8a80d0000 - 0x00007ff8a8812000 	C:\WINDOWS\System32\SHELL32.dll
0x00007ff8a56b0000 - 0x00007ff8a5e41000 	C:\WINDOWS\SYSTEM32\windows.storage.dll
0x00007ff8a97d0000 - 0x00007ff8a9b25000 	C:\WINDOWS\System32\combase.dll
0x00007ff8a6fe0000 - 0x00007ff8a700c000 	C:\WINDOWS\SYSTEM32\Wldp.dll
0x00007ff8a9010000 - 0x00007ff8a90be000 	C:\WINDOWS\System32\SHCORE.dll
0x00007ff8a9c20000 - 0x00007ff8a9c75000 	C:\WINDOWS\System32\shlwapi.dll
0x00007ff8a74b0000 - 0x00007ff8a74cf000 	C:\WINDOWS\SYSTEM32\profapi.dll
0x00007ff88cf60000 - 0x00007ff88cf7a000 	C:\Program Files\Java\jdk1.8.0_231\jre\bin\net.dll
0x00007ff8a6d50000 - 0x00007ff8a6dba000 	C:\WINDOWS\system32\mswsock.dll
0x00007ff88b820000 - 0x00007ff88b832000 	C:\Program Files\Java\jdk1.8.0_231\jre\bin\nio.dll
0x00007ff89c310000 - 0x00007ff89c337000 	C:\Users\ACER\.gradle\native\481b90ef2c2b5ab96622bab5346fdaaafe5c91895d4d4de1c4fe4b2e89a8011f\windows-amd64\native-platform.dll

VM Arguments:
jvm_args: -Xmx64m -Xms64m -Dorg.gradle.appname=gradlew 
java_command: org.gradle.wrapper.GradleWrapperMain app:installDebug -PreactNativeDevServerPort=8081
java_class_path (initial): D:\Kinder\Kinder\android\\gradle\wrapper\gradle-wrapper.jar
Launcher Type: SUN_STANDARD

Environment Variables:
JAVA_HOME=C:\Program Files\Java\jdk1.8.0_231
CLASSPATH=D:\Kinder\Kinder\android\\gradle\wrapper\gradle-wrapper.jar
PATH=D:\Kinder\Kinder\android\node_modules\.bin;D:\Kinder\Kinder\node_modules\.bin;D:\Kinder\node_modules\.bin;D:\node_modules\.bin;C:\Program Files\nodejs;C:\Python27\;C:\Python27\Scripts;C:\Users\ACER\AppData\Local\Android\Sdk\platform-tools;C:\WINDOWS\system32;C:\WINDOWS;C:\WINDOWS\System32\Wbem;C:\WINDOWS\System32\WindowsPowerShell\v1.0\;C:\WINDOWS\System32\OpenSSH\;C:\ProgramData\chocolatey\bin;C:\Program Files (x86)\Yarn\bin\;C:\Program Files\Git\cmd;C:\Program Files\Java\jdk1.8.0_231\bin;C:\Program Files\nodejs\npm\bin;C:\Users\ACER\AppData\Roaming\npm;C:\Program Files\nodejs\;C:\Users\ACER\AppData\Local\Microsoft\WindowsApps;C:\Users\ACER\AppData\Local\Programs\Microsoft VS Code\bin;C:\Users\ACER\AppData\Local\Yarn\bin;C:\Users\ACER\AppData\Local\Android\Sdk\platform-tools;D:\gradle-6.4\bin;;D:\IntelliJ IDEA 2020.2.3\bin;;C:\Users\ACER\AppData\Roaming\npm
USERNAME=ACER
OS=Windows_NT
PROCESSOR_IDENTIFIER=Intel64 Family 6 Model 78 Stepping 3, GenuineIntel



---------------  S Y S T E M  ---------------

OS: Windows 10.0 , 64 bit Build 19041 (10.0.19041.928)

CPU:total 4 (initial active 4) (2 cores per cpu, 2 threads per core) family 6 model 78 stepping 3, cmov, cx8, fxsr, mmx, sse, sse2, sse3, ssse3, sse4.1, sse4.2, popcnt, avx, avx2, aes, clmul, erms, 3dnowpref, lzcnt, ht, tsc, tscinvbit, bmi1, bmi2, adx

Memory: 4k page, physical 8259484k(1144708k free), swap 22749920k(2452k free)

vm_info: Java HotSpot(TM) 64-Bit Server VM (25.231-b11) for windows-amd64 JRE (1.8.0_231-b11), built on Oct  5 2019 03:11:30 by "java_re" with MS VC++ 10.0 (VS2010)

time: Fri Apr 23 02:25:02 2021
timezone: SE Asia Standard Time
elapsed time: 1 seconds (0d 0h 0m 1s)

