#
# There is insufficient memory for the Java Runtime Environment to continue.
# Native memory allocation (malloc) failed to allocate 253456 bytes for Chunk::new
# Possible reasons:
#   The system is out of physical RAM or swap space
#   The process is running with CompressedOops enabled, and the Java Heap may be blocking the growth of the native heap
# Possible solutions:
#   Reduce memory load on the system
#   Increase physical memory or swap space
#   Check if swap backing store is full
#   Decrease Java heap size (-Xmx/-Xms)
#   Decrease number of Java threads
#   Decrease Java thread stack sizes (-Xss)
#   Set larger code cache with -XX:ReservedCodeCacheSize=
#   JVM is running with Unscaled Compressed Oops mode in which the Java heap is
#     placed in the first 4GB address space. The Java Heap base address is the
#     maximum limit for the native heap growth. Please use -XX:HeapBaseMinAddress
#     to set the Java Heap base and to place the Java Heap above 4GB virtual address.
# This output file may be truncated or incomplete.
#
#  Out of Memory Error (allocation.cpp:389), pid=14104, tid=0x0000000000003930
#
# JRE version: Java(TM) SE Runtime Environment (8.0_231-b11) (build 1.8.0_231-b11)
# Java VM: Java HotSpot(TM) 64-Bit Server VM (25.231-b11 mixed mode windows-amd64 compressed oops)
# Failed to write core dump. Minidumps are not enabled by default on client versions of Windows
#

---------------  T H R E A D  ---------------

Current thread (0x0000000012dff000):  JavaThread "C2 CompilerThread1" daemon [_thread_in_native, id=14640, stack(0x0000000014560000,0x0000000014660000)]

Stack: [0x0000000014560000,0x0000000014660000]
[error occurred during error reporting (printing stack bounds), id 0xc0000005]

Native frames: (J=compiled Java code, j=interpreted, Vv=VM code, C=native code)


Current CompileTask:
C2:   2360  568   !   4       sun.misc.URLClassPath$JarLoader::getResource (85 bytes)


---------------  P R O C E S S  ---------------

Java Threads: ( => current thread )
  0x000000001476e000 JavaThread "Service Thread" daemon [_thread_blocked, id=13640, stack(0x0000000014b60000,0x0000000014c60000)]
  0x0000000012e43000 JavaThread "C1 CompilerThread2" daemon [_thread_blocked, id=14592, stack(0x0000000014660000,0x0000000014760000)]
=>0x0000000012dff000 JavaThread "C2 CompilerThread1" daemon [_thread_in_native, id=14640, stack(0x0000000014560000,0x0000000014660000)]
  0x0000000012dfb000 JavaThread "C2 CompilerThread0" daemon [_thread_blocked, id=9520, stack(0x0000000014460000,0x0000000014560000)]
  0x0000000012e0a000 JavaThread "Attach Listener" daemon [_thread_blocked, id=10360, stack(0x0000000014360000,0x0000000014460000)]
  0x0000000012e08800 JavaThread "Signal Dispatcher" daemon [_thread_blocked, id=8764, stack(0x0000000014260000,0x0000000014360000)]
  0x0000000002a6c800 JavaThread "Finalizer" daemon [_thread_blocked, id=7640, stack(0x0000000014060000,0x0000000014160000)]
  0x0000000002a64800 JavaThread "Reference Handler" daemon [_thread_blocked, id=8616, stack(0x0000000013f60000,0x0000000014060000)]
  0x00000000011ae800 JavaThread "main" [_thread_in_vm, id=7816, stack(0x0000000001080000,0x0000000001180000)]

Other Threads:
  0x0000000012dc7800 VMThread [stack: 0x0000000013e60000,0x0000000013f60000] [id=8012]
  0x000000001477f000 WatcherThread [stack: 0x0000000014c60000,0x0000000014d60000] [id=14620]

VM state:not at safepoint (normal execution)

VM Mutex/Monitor currently owned by a thread: None

heap address: 0x00000000fc000000, size: 64 MB, Compressed Oops mode: 32-bit
Narrow klass base: 0x0000000000000000, Narrow klass shift: 3
Compressed class space size: 1073741824 Address: 0x0000000100000000

Heap:
 PSYoungGen      total 18944K, used 15434K [0x00000000feb00000, 0x0000000100000000, 0x0000000100000000)
  eden space 16384K, 94% used [0x00000000feb00000,0x00000000ffa128e8,0x00000000ffb00000)
  from space 2560K, 0% used [0x00000000ffd80000,0x00000000ffd80000,0x0000000100000000)
  to   space 2560K, 0% used [0x00000000ffb00000,0x00000000ffb00000,0x00000000ffd80000)
 ParOldGen       total 44032K, used 0K [0x00000000fc000000, 0x00000000feb00000, 0x00000000feb00000)
  object space 44032K, 0% used [0x00000000fc000000,0x00000000fc000000,0x00000000feb00000)
 Metaspace       used 6372K, capacity 6590K, committed 6784K, reserved 1056768K
  class space    used 781K, capacity 877K, committed 896K, reserved 1048576K

Card table byte_map: [0x0000000011e30000,0x0000000011e60000] byte_map_base: 0x0000000011650000

Marking Bits: (ParMarkBitMap*) 0x0000000069596d90
 Begin Bits: [0x0000000012260000, 0x0000000012360000)
 End Bits:   [0x0000000012360000, 0x0000000012460000)

Polling page: 0x0000000000c10000

CodeCache: size=245760Kb used=2441Kb max_used=2449Kb free=243318Kb
 bounds [0x0000000002a70000, 0x0000000002ce0000, 0x0000000011a70000]
 total_blobs=864 nmethods=572 adapters=205
 compilation: enabled

Compilation events (10 events):
Event: 2.303 Thread 0x0000000012e43000 nmethod 565 0x0000000002ccf2d0 code [0x0000000002ccf440, 0x0000000002ccf5f0]
Event: 2.303 Thread 0x0000000012dfb000 nmethod 563 0x0000000002ccf710 code [0x0000000002ccf980, 0x0000000002cd11d0]
Event: 2.308 Thread 0x0000000012e43000  566       3       java.util.BitSet::get (69 bytes)
Event: 2.309 Thread 0x0000000012e43000 nmethod 566 0x0000000002ccb450 code [0x0000000002ccb640, 0x0000000002ccbfe8]
Event: 2.316 Thread 0x0000000012e43000  567       3       java.lang.ref.SoftReference::<init> (13 bytes)
Event: 2.316 Thread 0x0000000012e43000 nmethod 567 0x0000000002ccaed0 code [0x0000000002ccb040, 0x0000000002ccb330]
Event: 2.322 Thread 0x0000000012dff000  568   !   4       sun.misc.URLClassPath$JarLoader::getResource (85 bytes)
Event: 2.333 Thread 0x0000000012e43000  569       3       java.util.jar.JarFile::getManifest (5 bytes)
Event: 2.333 Thread 0x0000000012e43000 nmethod 569 0x0000000002ccab50 code [0x0000000002ccacc0, 0x0000000002ccae48]
Event: 2.333 Thread 0x0000000012e43000  570       3       java.util.jar.JarFile::getManifestFromReference (117 bytes)

GC Heap History (0 events):
No events

Deoptimization events (1 events):
Event: 1.621 Thread 0x00000000011ae800 Uncommon trap: reason=unstable_if action=reinterpret pc=0x0000000002c36478 method=java.lang.String.startsWith(Ljava/lang/String;I)Z @ 25

Classes redefined (0 events):
No events

Internal exceptions (10 events):
Event: 0.200 Thread 0x00000000011ae800 Exception <a 'java/lang/NoSuchMethodError': Method sun.misc.Unsafe.prefetchRead(Ljava/lang/Object;J)V name or signature does not match> (0x00000000feb07fa0) thrown at [C:\re\workspace\8-2-build-windows-amd64-cygwin\jdk8u231\13620\hotspot\src\share\vm\prim
Event: 1.035 Thread 0x00000000011ae800 Exception <a 'java/lang/NoSuchFieldError': method resolution failed> (0x00000000fee318d0) thrown at [C:\re\workspace\8-2-build-windows-amd64-cygwin\jdk8u231\13620\hotspot\src\share\vm\prims\methodHandles.cpp, line 1167]
Event: 1.045 Thread 0x00000000011ae800 Exception <a 'java/lang/NoSuchFieldError': method resolution failed> (0x00000000fee3ee98) thrown at [C:\re\workspace\8-2-build-windows-amd64-cygwin\jdk8u231\13620\hotspot\src\share\vm\prims\methodHandles.cpp, line 1167]
Event: 1.566 Thread 0x00000000011ae800 Exception <a 'java/security/PrivilegedActionException'> (0x00000000ff4a0fc8) thrown at [C:\re\workspace\8-2-build-windows-amd64-cygwin\jdk8u231\13620\hotspot\src\share\vm\prims\jvm.cpp, line 1502]
Event: 1.566 Thread 0x00000000011ae800 Exception <a 'java/security/PrivilegedActionException'> (0x00000000ff4a11d8) thrown at [C:\re\workspace\8-2-build-windows-amd64-cygwin\jdk8u231\13620\hotspot\src\share\vm\prims\jvm.cpp, line 1502]
Event: 1.567 Thread 0x00000000011ae800 Exception <a 'java/security/PrivilegedActionException'> (0x00000000ff4a50e8) thrown at [C:\re\workspace\8-2-build-windows-amd64-cygwin\jdk8u231\13620\hotspot\src\share\vm\prims\jvm.cpp, line 1502]
Event: 1.567 Thread 0x00000000011ae800 Exception <a 'java/security/PrivilegedActionException'> (0x00000000ff4a52f8) thrown at [C:\re\workspace\8-2-build-windows-amd64-cygwin\jdk8u231\13620\hotspot\src\share\vm\prims\jvm.cpp, line 1502]
Event: 2.294 Thread 0x00000000011ae800 Exception <a 'java/lang/ArrayIndexOutOfBoundsException': 100> (0x00000000ff8f9440) thrown at [C:\re\workspace\8-2-build-windows-amd64-cygwin\jdk8u231\13620\hotspot\src\share\vm\interpreter\interpreterRuntime.cpp, line 368]
Event: 2.300 Thread 0x00000000011ae800 Exception <a 'java/lang/ArrayIndexOutOfBoundsException': 18> (0x00000000ff8fa328) thrown at [C:\re\workspace\8-2-build-windows-amd64-cygwin\jdk8u231\13620\hotspot\src\share\vm\interpreter\interpreterRuntime.cpp, line 368]
Event: 2.301 Thread 0x00000000011ae800 Exception <a 'java/lang/ArrayIndexOutOfBoundsException': 40> (0x00000000ff8faf58) thrown at [C:\re\workspace\8-2-build-windows-amd64-cygwin\jdk8u231\13620\hotspot\src\share\vm\interpreter\interpreterRuntime.cpp, line 368]

Events (10 events):
Event: 2.327 loading class org/gradle/internal/logging/events/operations/StyledTextBuildOperationProgressDetails
Event: 2.327 loading class org/gradle/internal/logging/events/operations/StyledTextBuildOperationProgressDetails done
Event: 2.328 loading class org/gradle/internal/io/NullOutputStream
Event: 2.328 loading class org/gradle/internal/io/NullOutputStream done
Event: 2.332 loading class org/gradle/internal/io/LineBufferingOutputStream
Event: 2.332 loading class org/gradle/internal/io/LineBufferingOutputStream done
Event: 2.333 loading class org/gradle/internal/logging/source/PrintStreamLoggingSystem$1
Event: 2.333 loading class org/gradle/internal/logging/source/PrintStreamLoggingSystem$1 done
Event: 2.334 loading class org/gradle/internal/logging/source/PrintStreamLoggingSystem$OutputEventDestination
Event: 2.334 loading class org/gradle/internal/logging/source/PrintStreamLoggingSystem$OutputEventDestination done


Dynamic libraries:
0x00007ff6284b0000 - 0x00007ff6284e7000 	C:\Program Files\Java\jdk1.8.0_231\bin\java.exe
0x00007ff8a9e30000 - 0x00007ff8aa025000 	C:\WINDOWS\SYSTEM32\ntdll.dll
0x00007ff8a88d0000 - 0x00007ff8a898d000 	C:\WINDOWS\System32\KERNEL32.DLL
0x00007ff8a7620000 - 0x00007ff8a78e8000 	C:\WINDOWS\System32\KERNELBASE.dll
0x00007ff8a8990000 - 0x00007ff8a8a3c000 	C:\WINDOWS\System32\ADVAPI32.dll
0x00007ff8a8830000 - 0x00007ff8a88ce000 	C:\WINDOWS\System32\msvcrt.dll
0x00007ff8a9ce0000 - 0x00007ff8a9d7b000 	C:\WINDOWS\System32\sechost.dll
0x00007ff8a7fa0000 - 0x00007ff8a80cb000 	C:\WINDOWS\System32\RPCRT4.dll
0x00007ff8a9560000 - 0x00007ff8a9700000 	C:\WINDOWS\System32\USER32.dll
0x00007ff8a7cb0000 - 0x00007ff8a7cd2000 	C:\WINDOWS\System32\win32u.dll
0x00007ff8a9b30000 - 0x00007ff8a9b5a000 	C:\WINDOWS\System32\GDI32.dll
0x00007ff8a7a50000 - 0x00007ff8a7b5b000 	C:\WINDOWS\System32\gdi32full.dll
0x00007ff8a7c10000 - 0x00007ff8a7cad000 	C:\WINDOWS\System32\msvcp_win.dll
0x00007ff8a7d90000 - 0x00007ff8a7e90000 	C:\WINDOWS\System32\ucrtbase.dll
0x00007ff8974b0000 - 0x00007ff89774a000 	C:\WINDOWS\WinSxS\amd64_microsoft.windows.common-controls_6595b64144ccf1df_6.0.19041.844_none_ca00b6081b84eb1d\COMCTL32.dll
0x00007ff8a8f30000 - 0x00007ff8a8f60000 	C:\WINDOWS\System32\IMM32.DLL
0x0000000069620000 - 0x00000000696f2000 	C:\Program Files\Java\jdk1.8.0_231\jre\bin\msvcr100.dll
0x0000000068d70000 - 0x0000000069616000 	C:\Program Files\Java\jdk1.8.0_231\jre\bin\server\jvm.dll
0x00007ff8a7f90000 - 0x00007ff8a7f98000 	C:\WINDOWS\System32\PSAPI.DLL
0x00007ff88e330000 - 0x00007ff88e339000 	C:\WINDOWS\SYSTEM32\WSOCK32.dll
0x00007ff8a9d80000 - 0x00007ff8a9deb000 	C:\WINDOWS\System32\WS2_32.dll
0x00007ff893df0000 - 0x00007ff893e17000 	C:\WINDOWS\SYSTEM32\WINMM.dll
0x00007ff896400000 - 0x00007ff89640a000 	C:\WINDOWS\SYSTEM32\VERSION.dll
0x00007ff895930000 - 0x00007ff89593f000 	C:\Program Files\Java\jdk1.8.0_231\jre\bin\verify.dll
0x00007ff88b840000 - 0x00007ff88b869000 	C:\Program Files\Java\jdk1.8.0_231\jre\bin\java.dll
0x00007ff88ec00000 - 0x00007ff88ec16000 	C:\Program Files\Java\jdk1.8.0_231\jre\bin\zip.dll
0x00007ff8a80d0000 - 0x00007ff8a8812000 	C:\WINDOWS\System32\SHELL32.dll
0x00007ff8a56b0000 - 0x00007ff8a5e41000 	C:\WINDOWS\SYSTEM32\windows.storage.dll
0x00007ff8a97d0000 - 0x00007ff8a9b25000 	C:\WINDOWS\System32\combase.dll
0x00007ff8a6fe0000 - 0x00007ff8a700c000 	C:\WINDOWS\SYSTEM32\Wldp.dll
0x00007ff8a9010000 - 0x00007ff8a90be000 	C:\WINDOWS\System32\SHCORE.dll
0x00007ff8a9c20000 - 0x00007ff8a9c75000 	C:\WINDOWS\System32\shlwapi.dll
0x00007ff8a74b0000 - 0x00007ff8a74cf000 	C:\WINDOWS\SYSTEM32\profapi.dll
0x00007ff88cf60000 - 0x00007ff88cf7a000 	C:\Program Files\Java\jdk1.8.0_231\jre\bin\net.dll
0x00007ff8a6d50000 - 0x00007ff8a6dba000 	C:\WINDOWS\system32\mswsock.dll
0x00007ff88b820000 - 0x00007ff88b832000 	C:\Program Files\Java\jdk1.8.0_231\jre\bin\nio.dll

VM Arguments:
jvm_args: -Xmx64m -Xms64m -Dorg.gradle.appname=gradlew 
java_command: org.gradle.wrapper.GradleWrapperMain app:installDebug -PreactNativeDevServerPort=8081
java_class_path (initial): D:\Kinder\Kinder\android\\gradle\wrapper\gradle-wrapper.jar
Launcher Type: SUN_STANDARD

Environment Variables:
JAVA_HOME=C:\Program Files\Java\jdk1.8.0_231
CLASSPATH=D:\Kinder\Kinder\android\\gradle\wrapper\gradle-wrapper.jar
PATH=D:\Kinder\Kinder\android\node_modules\.bin;D:\Kinder\Kinder\node_modules\.bin;D:\Kinder\node_modules\.bin;D:\node_modules\.bin;C:\Program Files\nodejs;C:\Python27\;C:\Python27\Scripts;C:\Users\ACER\AppData\Local\Android\Sdk\platform-tools;C:\WINDOWS\system32;C:\WINDOWS;C:\WINDOWS\System32\Wbem;C:\WINDOWS\System32\WindowsPowerShell\v1.0\;C:\WINDOWS\System32\OpenSSH\;C:\ProgramData\chocolatey\bin;C:\Program Files (x86)\Yarn\bin\;C:\Program Files\Git\cmd;C:\Program Files\Java\jdk1.8.0_231\bin;C:\Program Files\nodejs\npm\bin;C:\Users\ACER\AppData\Roaming\npm;C:\Program Files\nodejs\;C:\Users\ACER\AppData\Local\Microsoft\WindowsApps;C:\Users\ACER\AppData\Local\Programs\Microsoft VS Code\bin;C:\Users\ACER\AppData\Local\Yarn\bin;C:\Users\ACER\AppData\Local\Android\Sdk\platform-tools;D:\gradle-6.4\bin;;D:\IntelliJ IDEA 2020.2.3\bin;;C:\Users\ACER\AppData\Roaming\npm
USERNAME=ACER
OS=Windows_NT
PROCESSOR_IDENTIFIER=Intel64 Family 6 Model 78 Stepping 3, GenuineIntel



---------------  S Y S T E M  ---------------

OS: Windows 10.0 , 64 bit Build 19041 (10.0.19041.928)

CPU:total 4 (initial active 4) (2 cores per cpu, 2 threads per core) family 6 model 78 stepping 3, cmov, cx8, fxsr, mmx, sse, sse2, sse3, ssse3, sse4.1, sse4.2, popcnt, avx, avx2, aes, clmul, erms, 3dnowpref, lzcnt, ht, tsc, tscinvbit, bmi1, bmi2, adx

Memory: 4k page, physical 8259484k(810628k free), swap 22749920k(89248k free)

vm_info: Java HotSpot(TM) 64-Bit Server VM (25.231-b11) for windows-amd64 JRE (1.8.0_231-b11), built on Oct  5 2019 03:11:30 by "java_re" with MS VC++ 10.0 (VS2010)

time: Fri Apr 23 02:26:07 2021
timezone: SE Asia Standard Time
elapsed time: 2 seconds (0d 0h 0m 2s)

